TN:
SF:src\modules\appointments\services\CreateAppointmentService.ts
FN:17,CreateAppointmentService
FN:22,Object.<anonymous>.CreateAppointmentService.execute
FNF:2
FNH:2
FNDA:2,CreateAppointmentService
FNDA:3,Object.<anonymous>.CreateAppointmentService.execute
DA:1,1
DA:2,1
DA:3,1
DA:4,1
DA:5,1
DA:6,1
DA:7,1
DA:8,1
DA:9,1
DA:10,1
DA:11,1
DA:12,1
DA:13,1
DA:14,1
DA:15,1
DA:16,1
DA:17,2
DA:18,2
DA:19,2
DA:20,1
DA:21,1
DA:22,1
DA:23,3
DA:24,3
DA:25,3
DA:26,3
DA:27,3
DA:28,3
DA:29,3
DA:30,3
DA:31,3
DA:32,1
DA:33,1
DA:34,2
DA:35,2
DA:36,2
DA:37,2
DA:38,3
DA:39,3
DA:40,3
DA:41,3
DA:42,1
DA:43,1
DA:44,1
LF:44
LH:44
BRDA:16,0,0,1
BRDA:17,1,0,2
BRDA:22,2,0,3
BRDA:31,3,0,1
BRDA:34,4,0,2
BRF:5
BRH:5
end_of_record
TN:
SF:src\modules\users\services\AuthenticateUserService.ts
FN:29,AuthenticateUserService
FN:36,Object.<anonymous>.AuthenticateUserService.execute
FNF:2
FNH:2
FNDA:3,AuthenticateUserService
FNDA:3,Object.<anonymous>.AuthenticateUserService.execute
DA:1,1
DA:2,1
DA:3,1
DA:4,1
DA:5,1
DA:6,1
DA:7,1
DA:8,1
DA:9,1
DA:10,1
DA:11,1
DA:12,1
DA:13,1
DA:14,1
DA:15,1
DA:16,1
DA:17,1
DA:18,1
DA:19,1
DA:20,1
DA:21,1
DA:22,1
DA:23,1
DA:24,1
DA:25,1
DA:26,1
DA:27,1
DA:28,1
DA:29,1
DA:30,3
DA:31,3
DA:32,3
DA:33,3
DA:34,3
DA:35,3
DA:36,1
DA:37,3
DA:38,3
DA:39,3
DA:40,3
DA:41,3
DA:42,1
DA:43,1
DA:44,2
DA:45,2
DA:46,2
DA:47,3
DA:48,0
DA:49,0
DA:50,2
DA:51,2
DA:52,2
DA:53,2
DA:54,2
DA:55,2
DA:56,2
DA:57,2
DA:58,2
DA:59,2
DA:60,2
DA:61,2
DA:62,2
DA:63,2
DA:64,3
DA:65,1
DA:66,1
DA:67,1
LF:67
LH:65
BRDA:27,0,0,1
BRDA:29,1,0,3
BRDA:36,2,0,3
BRDA:39,3,0,3
BRDA:41,4,0,1
BRDA:44,5,0,2
BRDA:47,6,0,0
BRDA:50,7,0,2
BRF:8
BRH:7
end_of_record
TN:
SF:src\modules\users\services\CreateUserService.ts
FN:20,CreateUserService
FN:31,Object.<anonymous>.CreateUserService.execute
FNF:2
FNH:2
FNDA:4,CreateUserService
FNDA:5,Object.<anonymous>.CreateUserService.execute
DA:1,1
DA:2,1
DA:3,1
DA:4,1
DA:5,1
DA:6,1
DA:7,1
DA:8,1
DA:9,1
DA:10,1
DA:11,1
DA:12,1
DA:13,1
DA:14,1
DA:15,1
DA:16,1
DA:17,1
DA:18,2
DA:19,2
DA:20,2
DA:21,4
DA:22,4
DA:23,4
DA:24,4
DA:25,4
DA:26,4
DA:27,4
DA:28,2
DA:29,2
DA:30,2
DA:31,2
DA:32,5
DA:33,5
DA:34,5
DA:35,5
DA:36,5
DA:37,1
DA:38,1
DA:39,4
DA:40,4
DA:41,5
DA:42,5
DA:43,5
DA:44,5
DA:45,5
DA:46,5
DA:47,5
DA:48,5
DA:49,5
DA:50,5
DA:51,2
DA:52,1
DA:53,1
LF:53
LH:53
BRDA:18,0,0,2
BRDA:20,1,0,4
BRDA:31,2,0,5
BRDA:34,3,0,5
BRDA:36,4,0,1
BRDA:39,5,0,4
BRF:6
BRH:6
end_of_record
TN:
SF:src\modules\users\services\UpdateUserAvatarService.ts
FN:1,(empty-report)
FNF:1
FNH:0
FNDA:0,(empty-report)
DA:1,0
DA:2,0
DA:3,0
DA:4,0
DA:5,0
DA:6,0
DA:7,0
DA:8,0
DA:9,0
DA:10,0
DA:11,0
DA:12,0
DA:13,0
DA:14,0
DA:15,0
DA:16,0
DA:17,0
DA:18,0
DA:19,0
DA:20,0
DA:21,0
DA:22,0
DA:23,0
DA:24,0
DA:25,0
DA:26,0
DA:27,0
DA:28,0
DA:29,0
DA:30,0
DA:31,0
DA:32,0
DA:33,0
DA:34,0
DA:35,0
DA:36,0
DA:37,0
DA:38,0
DA:39,0
DA:40,0
DA:41,0
DA:42,0
DA:43,0
DA:44,0
DA:45,0
DA:46,0
DA:47,0
DA:48,0
DA:49,0
DA:50,0
DA:51,0
LF:51
LH:0
BRDA:1,0,0,0
BRF:1
BRH:0
end_of_record
